<?xml version="1.0" encoding="UTF-8"?>
<robot generator="Robot 3.2.2 (Python 3.8.6 on linux)" generated="20201215 19:10:11.249" rpa="false">
<suite id="s1" name="Ospf Cost" source="/home/vagrant/pyats-working/ospf_cost.robot">
<kw name="Setup" type="setup">
<kw name="use genie testbed &quot;${testbed}&quot;" library="genie.libs.robot.GenieRobot">
<doc>Create the genie testbed</doc>
<msg timestamp="20201215 19:10:11.887" level="INFO">+------------------------------------------------------------------------------+
|                            Genie datafiles used:                             |
+------------------------------------------------------------------------------+</msg>
<msg timestamp="20201215 19:10:11.888" level="INFO">Trigger datafile          | </msg>
<msg timestamp="20201215 19:10:11.888" level="INFO">Verification  datafile    | </msg>
<msg timestamp="20201215 19:10:11.888" level="INFO">Pts datafile              | /home/vagrant/py3venv/lib/python3.8/site-packages/genie/libs/sdk/genie_yamls/pts_datafile.yaml</msg>
<msg timestamp="20201215 19:10:11.888" level="INFO">Subsection datafile       | /home/vagrant/py3venv/lib/python3.8/site-packages/genie/libs/sdk/genie_yamls/subsection_datafile.yaml</msg>
<msg timestamp="20201215 19:10:11.888" level="INFO">Config datafile           | None</msg>
<msg timestamp="20201215 19:10:11.904" level="WARN">Could not load the Datafile correctly</msg>
<status status="PASS" starttime="20201215 19:10:11.853" endtime="20201215 19:10:11.905"></status>
</kw>
<kw name="connect to devices &quot;xr1&quot;" library="ats.robot.pyATSRobot">
<doc>Connect to devices via connection as defined in testbed.yaml.
Specify devices with semi-colon separated list, e.g. "R1;R2"</doc>
<msg timestamp="20201215 19:10:11.905" level="INFO">Connecting to device 'Device xr1, type iosxr'</msg>
<msg timestamp="20201215 19:10:11.905" level="INFO">kwargs: {}</msg>
<msg timestamp="20201215 19:10:23.240" level="INFO">2020-12-15 19:10:11,906: %UNICON-INFO: +++ xr1 logfile /tmp/xr1-cli-20201215T191011906.log +++

2020-12-15 19:10:11,907: %UNICON-INFO: +++ Unicon plugin iosxr +++
Password: 

2020-12-15 19:10:13,396: %UNICON-INFO: +++ connection to spawn: ssh -l cisco 10.85.171.18, id: 140550225396304 +++

2020-12-15 19:10:13,396: %UNICON-INFO: connection to xr1



RP/0/RP0/CPU0:xr1#

2020-12-15 19:10:15,239: %UNICON-INFO: +++ initializing handle +++

2020-12-15 19:10:15,240: %UNICON-INFO: +++ xr1: executing command 'terminal length 0' +++
terminal length 0
Tue Dec 15 19:10:11.155 UTC
RP/0/RP0/CPU0:xr1#

2020-12-15 19:10:15,804: %UNICON-INFO: +++ xr1: executing command 'terminal width 0' +++
terminal width 0
Tue Dec 15 19:10:11.709 UTC
RP/0/RP0/CPU0:xr1#

2020-12-15 19:10:16,295: %UNICON-INFO: +++ xr1: configure +++
configure terminal
Tue Dec 15 19:10:12.196 UTC
RP/0/RP0/CPU0:xr1(config)#no logging console
RP/0/RP0/CPU0:xr1(config)#logging console disable
RP/0/RP0/CPU0:xr1(config)#line console
RP/0/RP0/CPU0:xr1(config-line)#exec-timeout 0 0
RP/0/RP0/CPU0:xr1(config-line)#absolute-timeout 0
RP/0/RP0/CPU0:xr1(config-line)#session-timeout 0
RP/0/RP0/CPU0:xr1(config-line)#line default
RP/0/RP0/CPU0:xr1(config-line)#exec-timeout 0 0
RP/0/RP0/CPU0:xr1(config-line)#absolute-timeout 0
RP/0/RP0/CPU0:xr1(config-line)#session-timeout 0
RP/0/RP0/CPU0:xr1(config-line)#commit
Tue Dec 15 19:10:17.160 UTC
RP/0/RP0/CPU0:xr1(config-line)#end
RP/0/RP0/CPU0:xr1#</msg>
<status status="PASS" starttime="20201215 19:10:11.905" endtime="20201215 19:10:23.241"></status>
</kw>
<status status="PASS" starttime="20201215 19:10:11.852" endtime="20201215 19:10:23.241"></status>
</kw>
<test id="s1-t1" name="Verify Cost 10">
<kw name="execute &quot;show ospf interface Gi0/0/0/0 | i Cost&quot; on device &quot;xr1&quot;" library="unicon.robot.UniconRobot">
<doc>Execute command on a specific device. "device" name is the name
of the device from the testbed file</doc>
<assign>
<var>${output}</var>
</assign>
<msg timestamp="20201215 19:10:23.243" level="INFO">Executing command show ospf interface Gi0/0/0/0 | i Cost on device xr1 alias None</msg>
<msg timestamp="20201215 19:10:24.152" level="INFO">2020-12-15 19:10:23,243: %UNICON-INFO: +++ xr1: executing command 'show ospf interface Gi0/0/0/0 | i Cost' +++
show ospf interface Gi0/0/0/0 | i Cost
Tue Dec 15 19:10:19.149 UTC
  Process ID 1, Router ID 10.0.0.6, Network Type BROADCAST, Cost: 10
RP/0/RP0/CPU0:xr1#</msg>
<msg timestamp="20201215 19:10:24.152" level="INFO">${output} = Tue Dec 15 19:10:19.149 UTC
  Process ID 1, Router ID 10.0.0.6, Network Type BROADCAST, Cost: 10</msg>
<status status="PASS" starttime="20201215 19:10:23.242" endtime="20201215 19:10:24.152"></status>
</kw>
<kw name="Should Contain" library="BuiltIn">
<doc>Fails if ``container`` does not contain ``item`` one or more times.</doc>
<arguments>
<arg>${output}</arg>
<arg>Cost: 10</arg>
</arguments>
<status status="PASS" starttime="20201215 19:10:24.152" endtime="20201215 19:10:24.153"></status>
</kw>
<status status="PASS" starttime="20201215 19:10:23.241" endtime="20201215 19:10:24.153" critical="yes"></status>
</test>
<status status="PASS" starttime="20201215 19:10:11.251" endtime="20201215 19:10:24.154"></status>
</suite>
<statistics>
<total>
<stat pass="1" fail="0">Critical Tests</stat>
<stat pass="1" fail="0">All Tests</stat>
</total>
<tag>
</tag>
<suite>
<stat pass="1" fail="0" id="s1" name="Ospf Cost">Ospf Cost</stat>
</suite>
</statistics>
<errors>
<msg timestamp="20201215 19:10:11.904" level="WARN">Could not load the Datafile correctly</msg>
</errors>
</robot>
